<?xml version="1.0" encoding="UTF-8"?>
<!-- Generated by org.testng.reporters.JUnitReportReporter -->
<testsuite skipped="0" hostname="DESKTOP-TCEP82C" name="org.test.Test1" tests="9" failures="0" timestamp="22 Jun 2021 10:19:13 GMT" time="165.328" errors="0">
  <testcase name="tc20" time="17.541" classname="org.test.Test1"/>
  <testcase name="tc10" time="21.487" classname="org.test.Test1"/>
  <testcase name="tc30" time="15.217" classname="org.test.Test1"/>
  <testcase name="tc20" time="18.057" classname="org.test.Test1"/>
  <testcase name="tc30" time="16.191" classname="org.test.Test1"/>
  <testcase name="tc20" time="17.397" classname="org.test.Test1"/>
  <testcase name="tc10" time="21.879" classname="org.test.Test1"/>
  <testcase name="tc10" time="21.227" classname="org.test.Test1"/>
  <testcase name="tc30" time="16.332" classname="org.test.Test1"/>
</testsuite> <!-- org.test.Test1 -->
