<?xml version="1.0" encoding="UTF-8"?>
<!-- Generated by org.testng.reporters.JUnitReportReporter -->
<testsuite skipped="1" hostname="DESKTOP-TCEP82C" name="org.sample.SampleTestNG" tests="15" failures="0" timestamp="12 Jun 2021 10:17:21 GMT" time="0.024" errors="0">
  <testcase name="tc3" time="0.001" classname="org.sample.SampleTestNG"/>
  <testcase name="tc3" time="0.000" classname="org.sample.SampleTestNG"/>
  <testcase name="tc3" time="0.001" classname="org.sample.SampleTestNG"/>
  <testcase name="tc3" time="0.002" classname="org.sample.SampleTestNG"/>
  <testcase name="tc3" time="0.002" classname="org.sample.SampleTestNG"/>
  <testcase name="tc3" time="0.002" classname="org.sample.SampleTestNG"/>
  <testcase name="tc2" time="0.000" classname="org.sample.SampleTestNG"/>
  <testcase name="tc3" time="0.001" classname="org.sample.SampleTestNG"/>
  <testcase name="tc3" time="0.001" classname="org.sample.SampleTestNG"/>
  <testcase name="tc0" time="0.008" classname="org.sample.SampleTestNG"/>
  <testcase name="tc1" time="0.002" classname="org.sample.SampleTestNG"/>
  <testcase name="tc3" time="0.002" classname="org.sample.SampleTestNG"/>
  <testcase name="tc3" time="0.001" classname="org.sample.SampleTestNG"/>
  <testcase name="tc5" time="0.001" classname="org.sample.SampleTestNG"/>
  <testcase name="tc4" classname="org.sample.SampleTestNG">
    <skipped/>
  </testcase> <!-- tc4 -->
</testsuite> <!-- org.sample.SampleTestNG -->
