<?xml version="1.0" encoding="UTF-8"?>
<!-- Generated by org.testng.reporters.JUnitReportReporter -->
<testsuite skipped="0" hostname="DESKTOP-TCEP82C" name="org.test.Test3" tests="1" failures="0" timestamp="22 Jun 2021 10:13:03 GMT" time="49.686" errors="0">
  <testcase name="tc30" time="49.686" classname="org.test.Test3"/>
</testsuite> <!-- org.test.Test3 -->
